
=== Sun Nov  7 22:17:11 2021

Packages were changed.
Update Mode: updateDependencies

The following packages were updated:
  com.unity.2d.animation from version 3.2.6 to 3.2.9
  com.unity.2d.psdimporter from version 2.1.6 to 2.1.8
  com.unity.2d.spriteshape from version 3.0.15 to 3.0.17
  com.unity.collab-proxy from version 1.2.16 to 1.10.2
  com.unity.ide.vscode from version 1.2.3 to 1.2.4
  com.unity.test-framework from version 1.1.24 to 1.1.29

=== Fri Nov 26 22:30:39 2021

Packages were changed.
Update Mode: updateDependencies

The following packages were added:
  com.unity.ide.visualstudio@2.0.11
The following packages were updated:
  com.unity.2d.animation from version 3.2.9 to 5.0.6
  com.unity.2d.pixel-perfect from version 2.1.0 to 4.0.1
  com.unity.2d.psdimporter from version 2.1.8 to 4.1.0
  com.unity.2d.spriteshape from version 3.0.17 to 5.1.4
  com.unity.ide.rider from version 1.2.1 to 2.0.7
  com.unity.textmeshpro from version 2.1.6 to 3.0.6
  com.unity.timeline from version 1.2.18 to 1.4.8
